
> nextjs-boilerplate-website@0.1.0 build
> next build

  ▲ Next.js 14.2.35

   Creating an optimized production build ...
 ✓ Compiled successfully
   Linting and checking validity of types ...
   Collecting page data ...
   Generating static pages (0/5) ...
   Generating static pages (1/5) 
   Generating static pages (2/5) 
   Generating static pages (3/5) 
 ✓ Generating static pages (5/5)
   Finalizing page optimization ...
   Collecting build traces ...

Route (app)                              Size     First Load JS
┌ ○ /                                    18.7 kB         106 kB
├ ○ /_not-found                          873 B          88.2 kB
└ ƒ /api/auth/[...nextauth]              0 B                0 B
+ First Load JS shared by all            87.3 kB
  ├ chunks/117-7ff15aa67b6130a0.js       31.7 kB
  ├ chunks/fd9d1056-03eebc0f1463ed16.js  53.6 kB
  └ other shared chunks (total)          1.95 kB


○  (Static)   prerendered as static content
ƒ  (Dynamic)  server-rendered on demand

BUILD SUCCESSFUL
